<?xml version="1.0" encoding="UTF-8"?>
<!-- Generated by org.testng.reporters.JUnitReportReporter -->
<testsuite skipped="0" hostname="DESKTOP-TJTR8G5" name="bookingfaisal.DeletedBooking" tests="1" failures="0" timestamp="2024-02-12T18:37:33 GMT" time="15.805" errors="0">
  <testcase name="deleteBook" time="15.805" classname="bookingfaisal.DeletedBooking"/>
  <system-out/>
</testsuite> <!-- bookingfaisal.DeletedBooking -->
