<?xml version="1.0" encoding="UTF-8"?>
<!-- Generated by org.testng.reporters.JUnitReportReporter -->
<testsuite skipped="0" hostname="DESKTOP-TJTR8G5" name="bookingfaisal.CreateUpdateBooking" tests="2" failures="0" timestamp="2024-02-17T11:40:13 GMT" time="10.187" errors="0">
  <testcase name="updateBookingByPatch" time="3.294" classname="bookingfaisal.CreateUpdateBooking"/>
  <system-out/>
  <testcase name="updateBookingByPutTest" time="6.893" classname="bookingfaisal.CreateUpdateBooking"/>
  <system-out/>
</testsuite> <!-- bookingfaisal.CreateUpdateBooking -->
