<?xml version="1.0" encoding="UTF-8"?>
<!-- Generated by org.testng.reporters.JUnitReportReporter -->
<testsuite skipped="0" hostname="DESKTOP-TJTR8G5" name="bookingfaisal.DeletedBooking" tests="1" failures="0" timestamp="2024-02-17T11:40:13 GMT" time="65.347" errors="0">
  <testcase name="deleteBook" time="65.347" classname="bookingfaisal.DeletedBooking"/>
  <system-out/>
</testsuite> <!-- bookingfaisal.DeletedBooking -->
