<?xml version="1.0" encoding="UTF-8"?>
<!-- Generated by org.testng.reporters.JUnitReportReporter -->
<testsuite skipped="0" hostname="DESKTOP-TJTR8G5" name="bookingfaisal.CreateUpdateBooking" tests="2" failures="0" timestamp="2024-02-17T11:41:36 GMT" time="31.569" errors="0">
  <testcase name="updateBookingByPutTest" time="5.084" classname="bookingfaisal.CreateUpdateBooking"/>
  <system-out/>
  <testcase name="updateBookingByPatch" time="26.485" classname="bookingfaisal.CreateUpdateBooking"/>
  <system-out/>
</testsuite> <!-- bookingfaisal.CreateUpdateBooking -->
