<?xml version="1.0" encoding="UTF-8"?>
<!-- Generated by org.testng.reporters.JUnitReportReporter -->
<testsuite skipped="0" hostname="DESKTOP-TJTR8G5" name="bookingfaisal.CreateUpdateBooking" tests="2" failures="0" timestamp="2024-02-17T08:49:17 GMT" time="24.411" errors="0">
  <testcase name="updateBookingByPutTest" time="3.703" classname="bookingfaisal.CreateUpdateBooking"/>
  <system-out/>
  <testcase name="updateBookingByPatch" time="20.708" classname="bookingfaisal.CreateUpdateBooking"/>
  <system-out/>
</testsuite> <!-- bookingfaisal.CreateUpdateBooking -->
