<?xml version="1.0" encoding="UTF-8"?>
<!-- Generated by org.testng.reporters.JUnitReportReporter -->
<testsuite skipped="0" hostname="DESKTOP-TJTR8G5" name="bookingfaisal.GetBookingTest" tests="2" failures="0" timestamp="2024-02-19T21:23:16 GMT" time="13.792" errors="0">
  <testcase name="getBookingByIDTest" time="11.912" classname="bookingfaisal.GetBookingTest"/>
  <system-out/>
  <testcase name="getBookingIdsWihoutFilterTest" time="1.880" classname="bookingfaisal.GetBookingTest"/>
  <system-out/>
</testsuite> <!-- bookingfaisal.GetBookingTest -->
