<?xml version="1.0" encoding="UTF-8"?>
<!-- Generated by org.testng.reporters.JUnitReportReporter -->
<testsuite skipped="0" hostname="DESKTOP-TJTR8G5" name="testone.HTTPSRequest" tests="4" failures="0" timestamp="2024-02-06T20:11:15 GMT" time="7.263" errors="0">
  <testcase name="getUser" time="5.301" classname="testone.HTTPSRequest"/>
  <system-out/>
  <testcase name="createUser" time="1.198" classname="testone.HTTPSRequest"/>
  <system-out/>
  <testcase name="putUser" time="0.402" classname="testone.HTTPSRequest"/>
  <system-out/>
  <testcase name="deletUser" time="0.362" classname="testone.HTTPSRequest"/>
  <system-out/>
</testsuite> <!-- testone.HTTPSRequest -->
