<?xml version="1.0" encoding="UTF-8"?>
<!-- Generated by org.testng.reporters.JUnitReportReporter -->
<testsuite skipped="0" hostname="DESKTOP-TJTR8G5" name="bookingfaisal.HealthCheckWithSpecs" tests="1" failures="0" timestamp="2024-02-19T20:24:22 GMT" time="12.319" errors="0">
  <testcase name="healthCheck" time="12.319" classname="bookingfaisal.HealthCheckWithSpecs"/>
  <system-out/>
</testsuite> <!-- bookingfaisal.HealthCheckWithSpecs -->
