<?xml version="1.0" encoding="UTF-8"?>
<!-- Generated by org.testng.reporters.JUnitReportReporter -->
<testsuite skipped="0" hostname="DESKTOP-TJTR8G5" name="bookingfaisal.RestFulBooker" tests="1" failures="0" timestamp="2024-02-17T08:48:33 GMT" time="19.174" errors="0">
  <testcase name="healthCheckTest" time="19.174" classname="bookingfaisal.RestFulBooker"/>
  <system-out/>
</testsuite> <!-- bookingfaisal.RestFulBooker -->
